[gen] output/survey_selectors/two_gate_v2_tuned/cfg_s0.yaml: hw=[240, 288] iters=150 numkf=4 kfskip=1 rgb=1.0 depth=0.5 ssim=0.0 start=0 frames=500 selector=two_gate_v2
=========== SEGMENT start=0 (numkf=4) ===========
[log_sweep_row] s0: status=OK psnr=21.814 kf=90 ply=1 dur=0.85min
[unwarp] N=90  global-Sim3 RMSE=1.50m  ->  lokal(window=80, R=global) RMSE=1.27m
[unwarp] 126837 -> 126759 Gaussians (crop+nadir) -> output/survey_selectors/two_gate_v2_tuned/s0_gps.ply
  -> output/survey_selectors/two_gate_v2_tuned/s0_gps.ply
[gen] output/survey_selectors/two_gate_v2_tuned/cfg_s300.yaml: hw=[240, 288] iters=150 numkf=4 kfskip=1 rgb=1.0 depth=0.5 ssim=0.0 start=300 frames=500 selector=two_gate_v2
=========== SEGMENT start=300 (numkf=4) ===========
[log_sweep_row] s300: status=OK psnr=21.7326 kf=113 ply=1 dur=0.93min
[unwarp] N=113  global-Sim3 RMSE=4.23m  ->  lokal(window=80, R=global) RMSE=2.62m
[unwarp] 223473 -> 218835 Gaussians (crop+nadir) -> output/survey_selectors/two_gate_v2_tuned/s300_gps.ply
  -> output/survey_selectors/two_gate_v2_tuned/s300_gps.ply
[gen] output/survey_selectors/two_gate_v2_tuned/cfg_s600.yaml: hw=[240, 288] iters=150 numkf=4 kfskip=1 rgb=1.0 depth=0.5 ssim=0.0 start=600 frames=500 selector=two_gate_v2
=========== SEGMENT start=600 (numkf=4) ===========
[log_sweep_row] s600: status=OK psnr=17.0202 kf=88 ply=1 dur=0.87min
/home/philipp/Dokumente/Github/VINGS-Mono-BA/scripts/eval/sim3_unwarp.py:105: RuntimeWarning: invalid value encountered in divide
  w = 1.0 / (dist + 1e-6); w /= w.sum(1, keepdims=True)
[unwarp] N=88  global-Sim3 RMSE=4.62m  ->  lokal(window=80, R=global) RMSE=4.11m
Traceback (most recent call last):
  File "/home/philipp/Dokumente/Github/VINGS-Mono-BA/scripts/eval/sim3_unwarp.py", line 151, in <module>
    main()
  File "/home/philipp/Dokumente/Github/VINGS-Mono-BA/scripts/eval/sim3_unwarp.py", line 112, in main
    U, _, Vt = np.linalg.svd(Rw)
  File "/home/philipp/anaconda3/envs/vings/lib/python3.9/site-packages/numpy/linalg/linalg.py", line 1681, in svd
    u, s, vh = gufunc(a, signature=signature, extobj=extobj)
  File "/home/philipp/anaconda3/envs/vings/lib/python3.9/site-packages/numpy/linalg/linalg.py", line 121, in _raise_linalgerror_svd_nonconvergence
    raise LinAlgError("SVD did not converge")
numpy.linalg.LinAlgError: SVD did not converge
[gen] output/survey_selectors/two_gate_v2_tuned/cfg_s900.yaml: hw=[240, 288] iters=150 numkf=4 kfskip=1 rgb=1.0 depth=0.5 ssim=0.0 start=900 frames=500 selector=two_gate_v2
=========== SEGMENT start=900 (numkf=4) ===========
[log_sweep_row] s900: status=OK psnr=17.8312 kf=234 ply=1 dur=1.73min
[unwarp] N=234  global-Sim3 RMSE=10.37m  ->  lokal(window=80, R=global) RMSE=4.20m
[unwarp] 429585 -> 325793 Gaussians (crop+nadir) -> output/survey_selectors/two_gate_v2_tuned/s900_gps.ply
  -> output/survey_selectors/two_gate_v2_tuned/s900_gps.ply
[gen] output/survey_selectors/two_gate_v2_tuned/cfg_s1200.yaml: hw=[240, 288] iters=150 numkf=4 kfskip=1 rgb=1.0 depth=0.5 ssim=0.0 start=1200 frames=500 selector=two_gate_v2
=========== SEGMENT start=1200 (numkf=4) ===========
[log_sweep_row] s1200: status=OK psnr=19.9201 kf=243 ply=1 dur=2.35min
[unwarp] N=243  global-Sim3 RMSE=6.95m  ->  lokal(window=80, R=global) RMSE=3.22m
[unwarp] 790504 -> 107631 Gaussians (crop+nadir) -> output/survey_selectors/two_gate_v2_tuned/s1200_gps.ply
  -> output/survey_selectors/two_gate_v2_tuned/s1200_gps.ply
[gen] output/survey_selectors/two_gate_v2_tuned/cfg_s1500.yaml: hw=[240, 288] iters=150 numkf=4 kfskip=1 rgb=1.0 depth=0.5 ssim=0.0 start=1500 frames=500 selector=two_gate_v2
=========== SEGMENT start=1500 (numkf=4) ===========
[log_sweep_row] s1500: status=OK psnr=19.3634 kf=243 ply=1 dur=2.27min
[unwarp] N=243  global-Sim3 RMSE=7.90m  ->  lokal(window=80, R=global) RMSE=4.09m
[unwarp] 767388 -> 716514 Gaussians (crop+nadir) -> output/survey_selectors/two_gate_v2_tuned/s1500_gps.ply
  -> output/survey_selectors/two_gate_v2_tuned/s1500_gps.ply
[gen] output/survey_selectors/two_gate_v2_tuned/cfg_s1800.yaml: hw=[240, 288] iters=150 numkf=4 kfskip=1 rgb=1.0 depth=0.5 ssim=0.0 start=1800 frames=500 selector=two_gate_v2
=========== SEGMENT start=1800 (numkf=4) ===========
[log_sweep_row] s1800: status=OK psnr=18.3847 kf=243 ply=1 dur=2.12min
[unwarp] N=243  global-Sim3 RMSE=12.40m  ->  lokal(window=80, R=global) RMSE=3.84m
[unwarp] 721895 -> 674337 Gaussians (crop+nadir) -> output/survey_selectors/two_gate_v2_tuned/s1800_gps.ply
  -> output/survey_selectors/two_gate_v2_tuned/s1800_gps.ply
[gen] output/survey_selectors/two_gate_v2_tuned/cfg_s2100.yaml: hw=[240, 288] iters=150 numkf=4 kfskip=1 rgb=1.0 depth=0.5 ssim=0.0 start=2100 frames=500 selector=two_gate_v2
=========== SEGMENT start=2100 (numkf=4) ===========
[log_sweep_row] s2100: status=OK psnr=17.9581 kf=243 ply=1 dur=2.38min
[unwarp] N=243  global-Sim3 RMSE=5.72m  ->  lokal(window=80, R=global) RMSE=3.16m
[unwarp] 910772 -> 535839 Gaussians (crop+nadir) -> output/survey_selectors/two_gate_v2_tuned/s2100_gps.ply
  -> output/survey_selectors/two_gate_v2_tuned/s2100_gps.ply
[gen] output/survey_selectors/two_gate_v2_tuned/cfg_s2400.yaml: hw=[240, 288] iters=150 numkf=4 kfskip=1 rgb=1.0 depth=0.5 ssim=0.0 start=2400 frames=500 selector=two_gate_v2
=========== SEGMENT start=2400 (numkf=4) ===========
[log_sweep_row] s2400: status=OK psnr=18.0808 kf=243 ply=1 dur=1.85min
[unwarp] N=243  global-Sim3 RMSE=61.72m  ->  lokal(window=80, R=global) RMSE=8.57m
[unwarp] 516998 -> 404823 Gaussians (crop+nadir) -> output/survey_selectors/two_gate_v2_tuned/s2400_gps.ply
  -> output/survey_selectors/two_gate_v2_tuned/s2400_gps.ply
[gen] output/survey_selectors/two_gate_v2_tuned/cfg_s2700.yaml: hw=[240, 288] iters=150 numkf=4 kfskip=1 rgb=1.0 depth=0.5 ssim=0.0 start=2700 frames=500 selector=two_gate_v2
=========== SEGMENT start=2700 (numkf=4) ===========
[log_sweep_row] s2700: status=OK psnr=19.1254 kf=243 ply=1 dur=2.38min
[unwarp] N=243  global-Sim3 RMSE=7.46m  ->  lokal(window=80, R=global) RMSE=3.38m
[unwarp] WARN: keep=0 -- alle Gaussians ausgecroppt, keine ply geschrieben (output/survey_selectors/two_gate_v2_tuned/s2700_gps.ply)
[gen] output/survey_selectors/two_gate_v2_tuned/cfg_s3000.yaml: hw=[240, 288] iters=150 numkf=4 kfskip=1 rgb=1.0 depth=0.5 ssim=0.0 start=3000 frames=500 selector=two_gate_v2
=========== SEGMENT start=3000 (numkf=4) ===========
[log_sweep_row] s3000: status=OK psnr=18.2747 kf=243 ply=1 dur=2.25min
[unwarp] N=243  global-Sim3 RMSE=9.94m  ->  lokal(window=80, R=global) RMSE=3.70m
[unwarp] 815675 -> 795908 Gaussians (crop+nadir) -> output/survey_selectors/two_gate_v2_tuned/s3000_gps.ply
  -> output/survey_selectors/two_gate_v2_tuned/s3000_gps.ply
[gen] output/survey_selectors/two_gate_v2_tuned/cfg_s3300.yaml: hw=[240, 288] iters=150 numkf=4 kfskip=1 rgb=1.0 depth=0.5 ssim=0.0 start=3300 frames=500 selector=two_gate_v2
=========== SEGMENT start=3300 (numkf=4) ===========
[log_sweep_row] s3300: status=OK psnr=17.6627 kf=243 ply=1 dur=1.95min
[unwarp] N=243  global-Sim3 RMSE=10.23m  ->  lokal(window=80, R=global) RMSE=3.96m
[unwarp] 610405 -> 596165 Gaussians (crop+nadir) -> output/survey_selectors/two_gate_v2_tuned/s3300_gps.ply
  -> output/survey_selectors/two_gate_v2_tuned/s3300_gps.ply
[gen] output/survey_selectors/two_gate_v2_tuned/cfg_s3600.yaml: hw=[240, 288] iters=150 numkf=4 kfskip=1 rgb=1.0 depth=0.5 ssim=0.0 start=3600 frames=500 selector=two_gate_v2
=========== SEGMENT start=3600 (numkf=4) ===========
[log_sweep_row] s3600: status=OK psnr=18.1227 kf=243 ply=1 dur=2.22min
[unwarp] N=243  global-Sim3 RMSE=11.06m  ->  lokal(window=80, R=global) RMSE=4.98m
[unwarp] 814322 -> 765294 Gaussians (crop+nadir) -> output/survey_selectors/two_gate_v2_tuned/s3600_gps.ply
  -> output/survey_selectors/two_gate_v2_tuned/s3600_gps.ply
[gen] output/survey_selectors/two_gate_v2_tuned/cfg_s3900.yaml: hw=[240, 288] iters=150 numkf=4 kfskip=1 rgb=1.0 depth=0.5 ssim=0.0 start=3900 frames=500 selector=two_gate_v2
=========== SEGMENT start=3900 (numkf=4) ===========
[log_sweep_row] s3900: status=OK psnr=16.3964 kf=243 ply=1 dur=1.83min
[unwarp] N=243  global-Sim3 RMSE=47.29m  ->  lokal(window=80, R=global) RMSE=5.75m
[unwarp] 569332 -> 432568 Gaussians (crop+nadir) -> output/survey_selectors/two_gate_v2_tuned/s3900_gps.ply
  -> output/survey_selectors/two_gate_v2_tuned/s3900_gps.ply
[gen] output/survey_selectors/two_gate_v2_tuned/cfg_s4200.yaml: hw=[240, 288] iters=150 numkf=4 kfskip=1 rgb=1.0 depth=0.5 ssim=0.0 start=4200 frames=500 selector=two_gate_v2
=========== SEGMENT start=4200 (numkf=4) ===========
[log_sweep_row] s4200: status=OK psnr=18.5244 kf=243 ply=1 dur=2.35min
[unwarp] N=243  global-Sim3 RMSE=17.57m  ->  lokal(window=80, R=global) RMSE=3.72m
[unwarp] 894780 -> 892388 Gaussians (crop+nadir) -> output/survey_selectors/two_gate_v2_tuned/s4200_gps.ply
  -> output/survey_selectors/two_gate_v2_tuned/s4200_gps.ply
[gen] output/survey_selectors/two_gate_v2_tuned/cfg_s4500.yaml: hw=[240, 288] iters=150 numkf=4 kfskip=1 rgb=1.0 depth=0.5 ssim=0.0 start=4500 frames=500 selector=two_gate_v2
=========== SEGMENT start=4500 (numkf=4) ===========
[log_sweep_row] s4500: status=OK psnr=17.1679 kf=243 ply=1 dur=2.27min
[unwarp] N=243  global-Sim3 RMSE=9.18m  ->  lokal(window=80, R=global) RMSE=4.51m
[unwarp] 878307 -> 866677 Gaussians (crop+nadir) -> output/survey_selectors/two_gate_v2_tuned/s4500_gps.ply
  -> output/survey_selectors/two_gate_v2_tuned/s4500_gps.ply
Merge 14 Segmente: s0_gps.ply s300_gps.ply s900_gps.ply s1200_gps.ply s1500_gps.ply s1800_gps.ply s2100_gps.ply s2400_gps.ply s3000_gps.ply s3300_gps.ply s3600_gps.ply s3900_gps.ply s4200_gps.ply s4500_gps.ply
[gps-level] Referenz-Bodenhöhe ref=11.0 m (reliab.-gewichteter Median)
seg               ground   MAD tilt mm/m   shift mode
s0_gps.ply          11.0   3.3     170.9     0.0  shift-only  (127k)
s300_gps.ply         8.4  12.6     296.3     2.6  shift-only  (218k)
s900_gps.ply        -3.1   4.5      19.2    14.2  shift-only  (325k)
s1200_gps.ply       68.6   4.2     262.0   -57.5  shift-only  (107k)
s1500_gps.ply        6.6   9.5      40.8     4.5  shift-only  (716k)
s1800_gps.ply        5.8   4.8      55.2     5.3  shift-only  (673k)
s2100_gps.ply       34.9  27.0    1136.3   -23.8  shift-only  (534k)
s2400_gps.ply        6.4   8.9      80.1     4.6  shift-only  (404k)
s3000_gps.ply       16.4   8.8      20.5    -5.4  shift-only  (794k)
s3300_gps.ply       17.6   8.1     140.9    -6.5  shift-only  (595k)
s3600_gps.ply       12.6   8.3      50.3    -1.6  shift-only  (764k)
s3900_gps.ply       13.7   9.3     123.7    -2.7  shift-only  (432k)
s4200_gps.ply       28.8   6.1      82.4   -17.8  shift-only  (892k)
s4500_gps.ply       22.8  15.1     438.6   -11.8  shift-only  (866k)
[gps-level] 7447093 Gaussians -> output/survey_selectors/two_gate_v2_tuned/survey_raw.ply
[clean] nach finite-Koordinaten: 7447093/7447093
[clean] nach scale_max<=1.5m: 7424489/7447093
[clean] nach opacity>0.4: 6987158/7447093
[clean] nach spatial-crop <= 160.0: 6987158/7447093
[clean] nach z-spread <= 60.0 (med 11.2): 6987158/7447093
[clean] 6987158/7447093 Gaussians behalten (93.8%) -> output/survey_selectors/two_gate_v2_tuned/survey_complete.ply
/dev/sdc2       219G    191G   18G   92% /
=========== FERTIG -> output/survey_selectors/two_gate_v2_tuned/survey_complete.ply ===========
=========== MESSUNG (sauber, inkl. Aggregat-Zeile ALL) -> output/survey_selectors/two_gate_v2_tuned/segments.csv ===========
  s0: status=OK psnr=21.814 kf=90 vram=1586 ate=1.223070130665652 ply=30.93MB
  s300: status=OK psnr=21.7326 kf=113 vram=1758 ate=4.347859304003221 ply=53.4MB
  s600: status=OK psnr=17.0202 kf=88 vram=1704 ate=1.1789167425930158 ply=MB
  s900: status=OK psnr=17.8312 kf=234 vram=1792 ate=8.738832543166101 ply=79.5MB
  s1200: status=OK psnr=19.9201 kf=243 vram=2038 ate=5.993659253233331 ply=26.26MB
  s1500: status=OK psnr=19.3634 kf=243 vram=1998 ate=5.752883149162703 ply=174.83MB
  s1800: status=OK psnr=18.3847 kf=243 vram=1796 ate=10.910805028317965 ply=164.54MB
  s2100: status=OK psnr=17.9581 kf=243 vram=1988 ate=5.0168781337446875 ply=130.75MB
  s2400: status=OK psnr=18.0808 kf=243 vram=1910 ate=57.24880534534232 ply=98.78MB
  s2700: status=OK psnr=19.1254 kf=243 vram=2008 ate=7.317376971384069 ply=MB
  s3000: status=OK psnr=18.2747 kf=243 vram=1882 ate=6.4538191002778476 ply=194.2MB
  s3300: status=OK psnr=17.6627 kf=243 vram=1776 ate=9.494012310894846 ply=145.47MB
  s3600: status=OK psnr=18.1227 kf=243 vram=5680 ate=11.14483004219739 ply=186.73MB
  s3900: status=OK psnr=16.3964 kf=243 vram=1718 ate=39.109500611214415 ply=105.55MB
  s4200: status=OK psnr=18.5244 kf=243 vram=2012 ate=12.491328155721757 ply=217.74MB
  s4500: status=OK psnr=17.1679 kf=243 vram=1878 ate=7.954306674098065 ply=211.47MB
[measure_survey] 16/16 Segmente + 1 Aggregat -> output/survey_selectors/two_gate_v2_tuned/segments.csv
[measure_survey] Survey-Zeile 'two_gate_v2_tuned' -> docs/results/survey_selectors_summary.csv  (dur=29.55min ply=1704.87MB gauss=6987158 psnr min/max/mean=16.3964/21.814/18.5862)
